This is pdfTeX, Version 3.14159265-2.6-1.40.17 (TeX Live 2016/W32TeX) (preloaded format=pdflatex 2016.6.9)  1 JUL 2016 04:06
entering extended mode
 \write18 enabled.
 %&-line parsing enabled.
**./PS.tex
(./PS.tex
LaTeX2e <2016/03/31>
Babel <3.9r> and hyphenation patterns for 83 language(s) loaded.
(c:/texlive/2016/texmf-dist/tex/latex/base/report.cls
Document Class: report 2014/09/29 v1.4h Standard LaTeX document class
(c:/texlive/2016/texmf-dist/tex/latex/base/size12.clo
File: size12.clo 2014/09/29 v1.4h Standard LaTeX file (size option)
)
\c@part=\count79
\c@chapter=\count80
\c@section=\count81
\c@subsection=\count82
\c@subsubsection=\count83
\c@paragraph=\count84
\c@subparagraph=\count85
\c@figure=\count86
\c@table=\count87
\abovecaptionskip=\skip41
\belowcaptionskip=\skip42
\bibindent=\dimen102
)
(c:/texlive/2016/texmf-dist/tex/latex/base/fontenc.sty
Package: fontenc 2005/09/27 v1.99g Standard LaTeX package

(c:/texlive/2016/texmf-dist/tex/latex/base/t1enc.def
File: t1enc.def 2005/09/27 v1.99g Standard LaTeX file
LaTeX Font Info:    Redeclaring font encoding T1 on input line 48.
))
(c:/texlive/2016/texmf-dist/tex/latex/base/inputenc.sty
Package: inputenc 2015/03/17 v1.2c Input encoding file
\inpenc@prehook=\toks14
\inpenc@posthook=\toks15

(c:/texlive/2016/texmf-dist/tex/latex/base/utf8.def
File: utf8.def 2016/02/28 v1.1s UTF-8 support for inputenc
Now handling font encoding OML ...
... no UTF-8 mapping file for font encoding OML
Now handling font encoding T1 ...
... processing UTF-8 mapping file for font encoding T1

(c:/texlive/2016/texmf-dist/tex/latex/base/t1enc.dfu
File: t1enc.dfu 2016/02/28 v1.1s UTF-8 support for inputenc
   defining Unicode char U+00A0 (decimal 160)
   defining Unicode char U+00A1 (decimal 161)
   defining Unicode char U+00A3 (decimal 163)
   defining Unicode char U+00AB (decimal 171)
   defining Unicode char U+00AD (decimal 173)
   defining Unicode char U+00BB (decimal 187)
   defining Unicode char U+00BF (decimal 191)
   defining Unicode char U+00C0 (decimal 192)
   defining Unicode char U+00C1 (decimal 193)
   defining Unicode char U+00C2 (decimal 194)
   defining Unicode char U+00C3 (decimal 195)
   defining Unicode char U+00C4 (decimal 196)
   defining Unicode char U+00C5 (decimal 197)
   defining Unicode char U+00C6 (decimal 198)
   defining Unicode char U+00C7 (decimal 199)
   defining Unicode char U+00C8 (decimal 200)
   defining Unicode char U+00C9 (decimal 201)
   defining Unicode char U+00CA (decimal 202)
   defining Unicode char U+00CB (decimal 203)
   defining Unicode char U+00CC (decimal 204)
   defining Unicode char U+00CD (decimal 205)
   defining Unicode char U+00CE (decimal 206)
   defining Unicode char U+00CF (decimal 207)
   defining Unicode char U+00D0 (decimal 208)
   defining Unicode char U+00D1 (decimal 209)
   defining Unicode char U+00D2 (decimal 210)
   defining Unicode char U+00D3 (decimal 211)
   defining Unicode char U+00D4 (decimal 212)
   defining Unicode char U+00D5 (decimal 213)
   defining Unicode char U+00D6 (decimal 214)
   defining Unicode char U+00D8 (decimal 216)
   defining Unicode char U+00D9 (decimal 217)
   defining Unicode char U+00DA (decimal 218)
   defining Unicode char U+00DB (decimal 219)
   defining Unicode char U+00DC (decimal 220)
   defining Unicode char U+00DD (decimal 221)
   defining Unicode char U+00DE (decimal 222)
   defining Unicode char U+00DF (decimal 223)
   defining Unicode char U+00E0 (decimal 224)
   defining Unicode char U+00E1 (decimal 225)
   defining Unicode char U+00E2 (decimal 226)
   defining Unicode char U+00E3 (decimal 227)
   defining Unicode char U+00E4 (decimal 228)
   defining Unicode char U+00E5 (decimal 229)
   defining Unicode char U+00E6 (decimal 230)
   defining Unicode char U+00E7 (decimal 231)
   defining Unicode char U+00E8 (decimal 232)
   defining Unicode char U+00E9 (decimal 233)
   defining Unicode char U+00EA (decimal 234)
   defining Unicode char U+00EB (decimal 235)
   defining Unicode char U+00EC (decimal 236)
   defining Unicode char U+00ED (decimal 237)
   defining Unicode char U+00EE (decimal 238)
   defining Unicode char U+00EF (decimal 239)
   defining Unicode char U+00F0 (decimal 240)
   defining Unicode char U+00F1 (decimal 241)
   defining Unicode char U+00F2 (decimal 242)
   defining Unicode char U+00F3 (decimal 243)
   defining Unicode char U+00F4 (decimal 244)
   defining Unicode char U+00F5 (decimal 245)
   defining Unicode char U+00F6 (decimal 246)
   defining Unicode char U+00F8 (decimal 248)
   defining Unicode char U+00F9 (decimal 249)
   defining Unicode char U+00FA (decimal 250)
   defining Unicode char U+00FB (decimal 251)
   defining Unicode char U+00FC (decimal 252)
   defining Unicode char U+00FD (decimal 253)
   defining Unicode char U+00FE (decimal 254)
   defining Unicode char U+00FF (decimal 255)
   defining Unicode char U+0100 (decimal 256)
   defining Unicode char U+0101 (decimal 257)
   defining Unicode char U+0102 (decimal 258)
   defining Unicode char U+0103 (decimal 259)
   defining Unicode char U+0104 (decimal 260)
   defining Unicode char U+0105 (decimal 261)
   defining Unicode char U+0106 (decimal 262)
   defining Unicode char U+0107 (decimal 263)
   defining Unicode char U+0108 (decimal 264)
   defining Unicode char U+0109 (decimal 265)
   defining Unicode char U+010A (decimal 266)
   defining Unicode char U+010B (decimal 267)
   defining Unicode char U+010C (decimal 268)
   defining Unicode char U+010D (decimal 269)
   defining Unicode char U+010E (decimal 270)
   defining Unicode char U+010F (decimal 271)
   defining Unicode char U+0110 (decimal 272)
   defining Unicode char U+0111 (decimal 273)
   defining Unicode char U+0112 (decimal 274)
   defining Unicode char U+0113 (decimal 275)
   defining Unicode char U+0114 (decimal 276)
   defining Unicode char U+0115 (decimal 277)
   defining Unicode char U+0116 (decimal 278)
   defining Unicode char U+0117 (decimal 279)
   defining Unicode char U+0118 (decimal 280)
   defining Unicode char U+0119 (decimal 281)
   defining Unicode char U+011A (decimal 282)
   defining Unicode char U+011B (decimal 283)
   defining Unicode char U+011C (decimal 284)
   defining Unicode char U+011D (decimal 285)
   defining Unicode char U+011E (decimal 286)
   defining Unicode char U+011F (decimal 287)
   defining Unicode char U+0120 (decimal 288)
   defining Unicode char U+0121 (decimal 289)
   defining Unicode char U+0122 (decimal 290)
   defining Unicode char U+0123 (decimal 291)
   defining Unicode char U+0124 (decimal 292)
   defining Unicode char U+0125 (decimal 293)
   defining Unicode char U+0128 (decimal 296)
   defining Unicode char U+0129 (decimal 297)
   defining Unicode char U+012A (decimal 298)
   defining Unicode char U+012B (decimal 299)
   defining Unicode char U+012C (decimal 300)
   defining Unicode char U+012D (decimal 301)
   defining Unicode char U+012E (decimal 302)
   defining Unicode char U+012F (decimal 303)
   defining Unicode char U+0130 (decimal 304)
   defining Unicode char U+0131 (decimal 305)
   defining Unicode char U+0132 (decimal 306)
   defining Unicode char U+0133 (decimal 307)
   defining Unicode char U+0134 (decimal 308)
   defining Unicode char U+0135 (decimal 309)
   defining Unicode char U+0136 (decimal 310)
   defining Unicode char U+0137 (decimal 311)
   defining Unicode char U+0139 (decimal 313)
   defining Unicode char U+013A (decimal 314)
   defining Unicode char U+013B (decimal 315)
   defining Unicode char U+013C (decimal 316)
   defining Unicode char U+013D (decimal 317)
   defining Unicode char U+013E (decimal 318)
   defining Unicode char U+0141 (decimal 321)
   defining Unicode char U+0142 (decimal 322)
   defining Unicode char U+0143 (decimal 323)
   defining Unicode char U+0144 (decimal 324)
   defining Unicode char U+0145 (decimal 325)
   defining Unicode char U+0146 (decimal 326)
   defining Unicode char U+0147 (decimal 327)
   defining Unicode char U+0148 (decimal 328)
   defining Unicode char U+014A (decimal 330)
   defining Unicode char U+014B (decimal 331)
   defining Unicode char U+014C (decimal 332)
   defining Unicode char U+014D (decimal 333)
   defining Unicode char U+014E (decimal 334)
   defining Unicode char U+014F (decimal 335)
   defining Unicode char U+0150 (decimal 336)
   defining Unicode char U+0151 (decimal 337)
   defining Unicode char U+0152 (decimal 338)
   defining Unicode char U+0153 (decimal 339)
   defining Unicode char U+0154 (decimal 340)
   defining Unicode char U+0155 (decimal 341)
   defining Unicode char U+0156 (decimal 342)
   defining Unicode char U+0157 (decimal 343)
   defining Unicode char U+0158 (decimal 344)
   defining Unicode char U+0159 (decimal 345)
   defining Unicode char U+015A (decimal 346)
   defining Unicode char U+015B (decimal 347)
   defining Unicode char U+015C (decimal 348)
   defining Unicode char U+015D (decimal 349)
   defining Unicode char U+015E (decimal 350)
   defining Unicode char U+015F (decimal 351)
   defining Unicode char U+0160 (decimal 352)
   defining Unicode char U+0161 (decimal 353)
   defining Unicode char U+0162 (decimal 354)
   defining Unicode char U+0163 (decimal 355)
   defining Unicode char U+0164 (decimal 356)
   defining Unicode char U+0165 (decimal 357)
   defining Unicode char U+0168 (decimal 360)
   defining Unicode char U+0169 (decimal 361)
   defining Unicode char U+016A (decimal 362)
   defining Unicode char U+016B (decimal 363)
   defining Unicode char U+016C (decimal 364)
   defining Unicode char U+016D (decimal 365)
   defining Unicode char U+016E (decimal 366)
   defining Unicode char U+016F (decimal 367)
   defining Unicode char U+0170 (decimal 368)
   defining Unicode char U+0171 (decimal 369)
   defining Unicode char U+0172 (decimal 370)
   defining Unicode char U+0173 (decimal 371)
   defining Unicode char U+0174 (decimal 372)
   defining Unicode char U+0175 (decimal 373)
   defining Unicode char U+0176 (decimal 374)
   defining Unicode char U+0177 (decimal 375)
   defining Unicode char U+0178 (decimal 376)
   defining Unicode char U+0179 (decimal 377)
   defining Unicode char U+017A (decimal 378)
   defining Unicode char U+017B (decimal 379)
   defining Unicode char U+017C (decimal 380)
   defining Unicode char U+017D (decimal 381)
   defining Unicode char U+017E (decimal 382)
   defining Unicode char U+01CD (decimal 461)
   defining Unicode char U+01CE (decimal 462)
   defining Unicode char U+01CF (decimal 463)
   defining Unicode char U+01D0 (decimal 464)
   defining Unicode char U+01D1 (decimal 465)
   defining Unicode char U+01D2 (decimal 466)
   defining Unicode char U+01D3 (decimal 467)
   defining Unicode char U+01D4 (decimal 468)
   defining Unicode char U+01E2 (decimal 482)
   defining Unicode char U+01E3 (decimal 483)
   defining Unicode char U+01E6 (decimal 486)
   defining Unicode char U+01E7 (decimal 487)
   defining Unicode char U+01E8 (decimal 488)
   defining Unicode char U+01E9 (decimal 489)
   defining Unicode char U+01EA (decimal 490)
   defining Unicode char U+01EB (decimal 491)
   defining Unicode char U+01F0 (decimal 496)
   defining Unicode char U+01F4 (decimal 500)
   defining Unicode char U+01F5 (decimal 501)
   defining Unicode char U+0218 (decimal 536)
   defining Unicode char U+0219 (decimal 537)
   defining Unicode char U+021A (decimal 538)
   defining Unicode char U+021B (decimal 539)
   defining Unicode char U+1E02 (decimal 7682)
   defining Unicode char U+1E03 (decimal 7683)
   defining Unicode char U+200C (decimal 8204)
   defining Unicode char U+2010 (decimal 8208)
   defining Unicode char U+2011 (decimal 8209)
   defining Unicode char U+2012 (decimal 8210)
   defining Unicode char U+2013 (decimal 8211)
   defining Unicode char U+2014 (decimal 8212)
   defining Unicode char U+2015 (decimal 8213)
   defining Unicode char U+2018 (decimal 8216)
   defining Unicode char U+2019 (decimal 8217)
   defining Unicode char U+201A (decimal 8218)
   defining Unicode char U+201C (decimal 8220)
   defining Unicode char U+201D (decimal 8221)
   defining Unicode char U+201E (decimal 8222)
   defining Unicode char U+2030 (decimal 8240)
   defining Unicode char U+2031 (decimal 8241)
   defining Unicode char U+2039 (decimal 8249)
   defining Unicode char U+203A (decimal 8250)
   defining Unicode char U+2423 (decimal 9251)
)
Now handling font encoding OT1 ...
... processing UTF-8 mapping file for font encoding OT1

(c:/texlive/2016/texmf-dist/tex/latex/base/ot1enc.dfu
File: ot1enc.dfu 2016/02/28 v1.1s UTF-8 support for inputenc
   defining Unicode char U+00A0 (decimal 160)
   defining Unicode char U+00A1 (decimal 161)
   defining Unicode char U+00A3 (decimal 163)
   defining Unicode char U+00AD (decimal 173)
   defining Unicode char U+00B8 (decimal 184)
   defining Unicode char U+00BF (decimal 191)
   defining Unicode char U+00C5 (decimal 197)
   defining Unicode char U+00C6 (decimal 198)
   defining Unicode char U+00D8 (decimal 216)
   defining Unicode char U+00DF (decimal 223)
   defining Unicode char U+00E6 (decimal 230)
   defining Unicode char U+00EC (decimal 236)
   defining Unicode char U+00ED (decimal 237)
   defining Unicode char U+00EE (decimal 238)
   defining Unicode char U+00EF (decimal 239)
   defining Unicode char U+00F8 (decimal 248)
   defining Unicode char U+0131 (decimal 305)
   defining Unicode char U+0141 (decimal 321)
   defining Unicode char U+0142 (decimal 322)
   defining Unicode char U+0152 (decimal 338)
   defining Unicode char U+0153 (decimal 339)
   defining Unicode char U+0174 (decimal 372)
   defining Unicode char U+0175 (decimal 373)
   defining Unicode char U+0176 (decimal 374)
   defining Unicode char U+0177 (decimal 375)
   defining Unicode char U+0218 (decimal 536)
   defining Unicode char U+0219 (decimal 537)
   defining Unicode char U+021A (decimal 538)
   defining Unicode char U+021B (decimal 539)
   defining Unicode char U+2013 (decimal 8211)
   defining Unicode char U+2014 (decimal 8212)
   defining Unicode char U+2018 (decimal 8216)
   defining Unicode char U+2019 (decimal 8217)
   defining Unicode char U+201C (decimal 8220)
   defining Unicode char U+201D (decimal 8221)
)
Now handling font encoding OMS ...
... processing UTF-8 mapping file for font encoding OMS

(c:/texlive/2016/texmf-dist/tex/latex/base/omsenc.dfu
File: omsenc.dfu 2016/02/28 v1.1s UTF-8 support for inputenc
   defining Unicode char U+00A7 (decimal 167)
   defining Unicode char U+00B6 (decimal 182)
   defining Unicode char U+00B7 (decimal 183)
   defining Unicode char U+2020 (decimal 8224)
   defining Unicode char U+2021 (decimal 8225)
   defining Unicode char U+2022 (decimal 8226)
)
Now handling font encoding OMX ...
... no UTF-8 mapping file for font encoding OMX
Now handling font encoding U ...
... no UTF-8 mapping file for font encoding U
   defining Unicode char U+00A9 (decimal 169)
   defining Unicode char U+00AA (decimal 170)
   defining Unicode char U+00AE (decimal 174)
   defining Unicode char U+00BA (decimal 186)
   defining Unicode char U+02C6 (decimal 710)
   defining Unicode char U+02DC (decimal 732)
   defining Unicode char U+200C (decimal 8204)
   defining Unicode char U+2026 (decimal 8230)
   defining Unicode char U+2122 (decimal 8482)
   defining Unicode char U+2423 (decimal 9251)
))
(c:/texlive/2016/texmf-dist/tex/latex/graphics/graphicx.sty
Package: graphicx 2014/10/28 v1.0g Enhanced LaTeX Graphics (DPC,SPQR)

(c:/texlive/2016/texmf-dist/tex/latex/graphics/keyval.sty
Package: keyval 2014/10/28 v1.15 key=value parser (DPC)
\KV@toks@=\toks16
)
(c:/texlive/2016/texmf-dist/tex/latex/graphics/graphics.sty
Package: graphics 2016/05/09 v1.0r Standard LaTeX Graphics (DPC,SPQR)

(c:/texlive/2016/texmf-dist/tex/latex/graphics/trig.sty
Package: trig 2016/01/03 v1.10 sin cos tan (DPC)
)
(c:/texlive/2016/texmf-dist/tex/latex/graphics-cfg/graphics.cfg
File: graphics.cfg 2016/01/02 v1.10 sample graphics configuration
)
Package graphics Info: Driver file: pdftex.def on input line 96.

(c:/texlive/2016/texmf-dist/tex/latex/pdftex-def/pdftex.def
File: pdftex.def 2011/05/27 v0.06d Graphics/color for pdfTeX

(c:/texlive/2016/texmf-dist/tex/generic/oberdiek/infwarerr.sty
Package: infwarerr 2016/05/16 v1.4 Providing info/warning/error messages (HO)
)
(c:/texlive/2016/texmf-dist/tex/generic/oberdiek/ltxcmds.sty
Package: ltxcmds 2016/05/16 v1.23 LaTeX kernel commands for general use (HO)
)
\Gread@gobject=\count88
))
\Gin@req@height=\dimen103
\Gin@req@width=\dimen104
)
(c:/texlive/2016/texmf-dist/tex/latex/oberdiek/epstopdf.sty
Package: epstopdf 2016/05/15 v2.6 Conversion with epstopdf on the fly (HO)

(c:/texlive/2016/texmf-dist/tex/latex/oberdiek/epstopdf-base.sty
Package: epstopdf-base 2016/05/15 v2.6 Base part for package epstopdf

(c:/texlive/2016/texmf-dist/tex/latex/oberdiek/grfext.sty
Package: grfext 2016/05/16 v1.2 Manage graphics extensions (HO)

(c:/texlive/2016/texmf-dist/tex/generic/oberdiek/kvdefinekeys.sty
Package: kvdefinekeys 2016/05/16 v1.4 Define keys (HO)
))
(c:/texlive/2016/texmf-dist/tex/latex/oberdiek/kvoptions.sty
Package: kvoptions 2016/05/16 v3.12 Key value format for package options (HO)

(c:/texlive/2016/texmf-dist/tex/generic/oberdiek/kvsetkeys.sty
Package: kvsetkeys 2016/05/16 v1.17 Key value parser (HO)

(c:/texlive/2016/texmf-dist/tex/generic/oberdiek/etexcmds.sty
Package: etexcmds 2016/05/16 v1.6 Avoid name clashes with e-TeX commands (HO)

(c:/texlive/2016/texmf-dist/tex/generic/oberdiek/ifluatex.sty
Package: ifluatex 2016/05/16 v1.4 Provides the ifluatex switch (HO)
Package ifluatex Info: LuaTeX not detected.
)
Package etexcmds Info: Could not find \expanded.
(etexcmds)             That can mean that you are not using pdfTeX 1.50 or
(etexcmds)             that some package has redefined \expanded.
(etexcmds)             In the latter case, load this package earlier.
)))
(c:/texlive/2016/texmf-dist/tex/generic/oberdiek/pdftexcmds.sty
Package: pdftexcmds 2016/05/10 v0.21 Utility functions of pdfTeX for LuaTeX (HO
)

(c:/texlive/2016/texmf-dist/tex/generic/oberdiek/ifpdf.sty
Package: ifpdf 2016/05/14 v3.1 Provides the ifpdf switch
)
Package pdftexcmds Info: LuaTeX not detected.
Package pdftexcmds Info: \pdf@primitive is available.
Package pdftexcmds Info: \pdf@ifprimitive is available.
Package pdftexcmds Info: \pdfdraftmode found.
)
Package grfext Info: Graphics extension search list:
(grfext)             [.png,.pdf,.jpg,.mps,.jpeg,.jbig2,.jb2,.PNG,.PDF,.JPG,.JPE
G,.JBIG2,.JB2,.eps]
(grfext)             \AppendGraphicsExtensions on input line 456.

(c:/texlive/2016/texmf-dist/tex/latex/latexconfig/epstopdf-sys.cfg
File: epstopdf-sys.cfg 2010/07/13 v1.3 Configuration of (r)epstopdf for TeX Liv
e
)))
(c:/texlive/2016/texmf-dist/tex/latex/subfig/subfig.sty
Package: subfig 2005/06/28 ver: 1.3 subfig package

(c:/texlive/2016/texmf-dist/tex/latex/caption/caption.sty
Package: caption 2016/02/21 v3.3-144 Customizing captions (AR)

(c:/texlive/2016/texmf-dist/tex/latex/caption/caption3.sty
Package: caption3 2016/02/04 v1.7-139 caption3 kernel (AR)
Package caption3 Info: TeX engine: e-TeX on input line 67.
\captionmargin=\dimen105
\captionmargin@=\dimen106
\captionwidth=\dimen107
\caption@tempdima=\dimen108
\caption@indent=\dimen109
\caption@parindent=\dimen110
\caption@hangindent=\dimen111
)
\c@ContinuedFloat=\count89
)
\c@KVtest=\count90
\sf@farskip=\skip43
\sf@captopadj=\dimen112
\sf@capskip=\skip44
\sf@nearskip=\skip45
\c@subfigure=\count91
\c@subfigure@save=\count92
\c@lofdepth=\count93
\c@subtable=\count94
\c@subtable@save=\count95
\c@lotdepth=\count96
\sf@top=\skip46
\sf@bottom=\skip47
)
(c:/texlive/2016/texmf-dist/tex/latex/tools/multicol.sty
Package: multicol 2016/04/07 v1.8p multicolumn formatting (FMi)
\c@tracingmulticols=\count97
\mult@box=\box26
\multicol@leftmargin=\dimen113
\c@unbalance=\count98
\c@collectmore=\count99
\doublecol@number=\count100
\multicoltolerance=\count101
\multicolpretolerance=\count102
\full@width=\dimen114
\page@free=\dimen115
\premulticols=\dimen116
\postmulticols=\dimen117
\multicolsep=\skip48
\multicolbaselineskip=\skip49
\partial@page=\box27
\last@line=\box28
\maxbalancingoverflow=\dimen118
\mult@rightbox=\box29
\mult@grightbox=\box30
\mult@gfirstbox=\box31
\mult@firstbox=\box32
\@tempa=\box33
\@tempa=\box34
\@tempa=\box35
\@tempa=\box36
\@tempa=\box37
\@tempa=\box38
\@tempa=\box39
\@tempa=\box40
\@tempa=\box41
\@tempa=\box42
\@tempa=\box43
\@tempa=\box44
\@tempa=\box45
\@tempa=\box46
\@tempa=\box47
\@tempa=\box48
\@tempa=\box49
\c@columnbadness=\count103
\c@finalcolumnbadness=\count104
\last@try=\dimen119
\multicolovershoot=\dimen120
\multicolundershoot=\dimen121
\mult@nat@firstbox=\box50
\colbreak@box=\box51
\mc@col@check@num=\count105
) (./placeins.sty
Package: placeins 2005/04/18  v 2.2
)
(c:/texlive/2016/texmf-dist/tex/generic/babel/babel.sty
Package: babel 2016/04/23 3.9r The Babel package

(c:/texlive/2016/texmf-dist/tex/generic/babel-polish/polish.ldf
Language: polish 2005/03/31 v1.2l Polish support from the babel system

(c:/texlive/2016/texmf-dist/tex/generic/babel/babel.def
File: babel.def 2016/04/23 3.9r Babel common definitions
\babel@savecnt=\count106
\U@D=\dimen122
)
Package babel Info: Making " an active character on input line 83.
\pl@left=\dimen123
\pl@down=\dimen124
\pl@right=\dimen125
\pl@temp=\dimen126
))
(c:/texlive/2016/texmf-dist/tex/latex/lm/lmodern.sty
Package: lmodern 2009/10/30 v1.6 Latin Modern Fonts
LaTeX Font Info:    Overwriting symbol font `operators' in version `normal'
(Font)                  OT1/cmr/m/n --> OT1/lmr/m/n on input line 22.
LaTeX Font Info:    Overwriting symbol font `letters' in version `normal'
(Font)                  OML/cmm/m/it --> OML/lmm/m/it on input line 23.
LaTeX Font Info:    Overwriting symbol font `symbols' in version `normal'
(Font)                  OMS/cmsy/m/n --> OMS/lmsy/m/n on input line 24.
LaTeX Font Info:    Overwriting symbol font `largesymbols' in version `normal'
(Font)                  OMX/cmex/m/n --> OMX/lmex/m/n on input line 25.
LaTeX Font Info:    Overwriting symbol font `operators' in version `bold'
(Font)                  OT1/cmr/bx/n --> OT1/lmr/bx/n on input line 26.
LaTeX Font Info:    Overwriting symbol font `letters' in version `bold'
(Font)                  OML/cmm/b/it --> OML/lmm/b/it on input line 27.
LaTeX Font Info:    Overwriting symbol font `symbols' in version `bold'
(Font)                  OMS/cmsy/b/n --> OMS/lmsy/b/n on input line 28.
LaTeX Font Info:    Overwriting symbol font `largesymbols' in version `bold'
(Font)                  OMX/cmex/m/n --> OMX/lmex/m/n on input line 29.
LaTeX Font Info:    Overwriting math alphabet `\mathbf' in version `normal'
(Font)                  OT1/cmr/bx/n --> OT1/lmr/bx/n on input line 31.
LaTeX Font Info:    Overwriting math alphabet `\mathsf' in version `normal'
(Font)                  OT1/cmss/m/n --> OT1/lmss/m/n on input line 32.
LaTeX Font Info:    Overwriting math alphabet `\mathit' in version `normal'
(Font)                  OT1/cmr/m/it --> OT1/lmr/m/it on input line 33.
LaTeX Font Info:    Overwriting math alphabet `\mathtt' in version `normal'
(Font)                  OT1/cmtt/m/n --> OT1/lmtt/m/n on input line 34.
LaTeX Font Info:    Overwriting math alphabet `\mathbf' in version `bold'
(Font)                  OT1/cmr/bx/n --> OT1/lmr/bx/n on input line 35.
LaTeX Font Info:    Overwriting math alphabet `\mathsf' in version `bold'
(Font)                  OT1/cmss/bx/n --> OT1/lmss/bx/n on input line 36.
LaTeX Font Info:    Overwriting math alphabet `\mathit' in version `bold'
(Font)                  OT1/cmr/bx/it --> OT1/lmr/bx/it on input line 37.
LaTeX Font Info:    Overwriting math alphabet `\mathtt' in version `bold'
(Font)                  OT1/cmtt/m/n --> OT1/lmtt/m/n on input line 38.
)
(c:/texlive/2016/texmf-dist/tex/latex/geometry/geometry.sty
Package: geometry 2010/09/12 v5.6 Page Geometry

(c:/texlive/2016/texmf-dist/tex/generic/oberdiek/ifvtex.sty
Package: ifvtex 2016/05/16 v1.6 Detect VTeX and its facilities (HO)
Package ifvtex Info: VTeX not detected.
)
(c:/texlive/2016/texmf-dist/tex/generic/ifxetex/ifxetex.sty
Package: ifxetex 2010/09/12 v0.6 Provides ifxetex conditional
)
\Gm@cnth=\count107
\Gm@cntv=\count108
\c@Gm@tempcnt=\count109
\Gm@bindingoffset=\dimen127
\Gm@wd@mp=\dimen128
\Gm@odd@mp=\dimen129
\Gm@even@mp=\dimen130
\Gm@layoutwidth=\dimen131
\Gm@layoutheight=\dimen132
\Gm@layouthoffset=\dimen133
\Gm@layoutvoffset=\dimen134
\Gm@dimlist=\toks17
)
(c:/texlive/2016/texmf-dist/tex/latex/graphics/color.sty
Package: color 2016/05/09 v1.1c Standard LaTeX Color (DPC)

(c:/texlive/2016/texmf-dist/tex/latex/graphics-cfg/color.cfg
File: color.cfg 2016/01/02 v1.6 sample color configuration
)
Package color Info: Driver file: pdftex.def on input line 144.
)
(c:/texlive/2016/texmf-dist/tex/latex/pdfpages/pdfpages.sty
Package: pdfpages 2016/04/19 v0.5f Insert pages of external PDF documents (AM)

(c:/texlive/2016/texmf-dist/tex/latex/base/ifthen.sty
Package: ifthen 2014/09/29 v1.1c Standard LaTeX ifthen package (DPC)
)
(c:/texlive/2016/texmf-dist/tex/latex/tools/calc.sty
Package: calc 2014/10/28 v4.3 Infix arithmetic (KKT,FJ)
\calc@Acount=\count110
\calc@Bcount=\count111
\calc@Adimen=\dimen135
\calc@Bdimen=\dimen136
\calc@Askip=\skip50
\calc@Bskip=\skip51
LaTeX Info: Redefining \setlength on input line 80.
LaTeX Info: Redefining \addtolength on input line 81.
\calc@Ccount=\count112
\calc@Cskip=\skip52
)
(c:/texlive/2016/texmf-dist/tex/latex/eso-pic/eso-pic.sty
Package: eso-pic 2015/07/21 v2.0g eso-pic (RN)

(c:/texlive/2016/texmf-dist/tex/generic/oberdiek/atbegshi.sty
Package: atbegshi 2016/05/16 v1.17 At begin shipout hook (HO)
))
\AM@pagewidth=\dimen137
\AM@pageheight=\dimen138

(c:/texlive/2016/texmf-dist/tex/latex/pdfpages/pppdftex.def
File: pppdftex.def 2016/04/19 v0.5f Pdfpages driver for pdfTeX (AM)
)
\AM@pagebox=\box52
\AM@global@opts=\toks18
\AM@toc@title=\toks19
\c@AM@survey=\count113
\AM@templatesizebox=\box53
) (./PS.aux)
\openout1 = `PS.aux'.

LaTeX Font Info:    Checking defaults for OML/cmm/m/it on input line 27.
LaTeX Font Info:    ... okay on input line 27.
LaTeX Font Info:    Checking defaults for T1/cmr/m/n on input line 27.
LaTeX Font Info:    ... okay on input line 27.
LaTeX Font Info:    Checking defaults for OT1/cmr/m/n on input line 27.
LaTeX Font Info:    ... okay on input line 27.
LaTeX Font Info:    Checking defaults for OMS/cmsy/m/n on input line 27.
LaTeX Font Info:    ... okay on input line 27.
LaTeX Font Info:    Checking defaults for OMX/cmex/m/n on input line 27.
LaTeX Font Info:    ... okay on input line 27.
LaTeX Font Info:    Checking defaults for U/cmr/m/n on input line 27.
LaTeX Font Info:    ... okay on input line 27.
LaTeX Font Info:    Try loading font information for T1+lmr on input line 27.

(c:/texlive/2016/texmf-dist/tex/latex/lm/t1lmr.fd
File: t1lmr.fd 2009/10/30 v1.6 Font defs for Latin Modern
)
(c:/texlive/2016/texmf-dist/tex/context/base/mkii/supp-pdf.mkii
[Loading MPS to PDF converter (version 2006.09.02).]
\scratchcounter=\count114
\scratchdimen=\dimen139
\scratchbox=\box54
\nofMPsegments=\count115
\nofMParguments=\count116
\everyMPshowfont=\toks20
\MPscratchCnt=\count117
\MPscratchDim=\dimen140
\MPnumerator=\count118
\makeMPintoPDFobject=\count119
\everyMPtoPDFconversion=\toks21
)
Package caption Info: Begin \AtBeginDocument code.
Package caption Info: subfig package v1.3 is loaded.
Package caption Info: End \AtBeginDocument code.

*geometry* driver: auto-detecting
*geometry* detected driver: pdftex
*geometry* verbose mode - [ preamble ] result:
* driver: pdftex
* paper: a4paper
* layout: <same size as paper>
* layoutoffset:(h,v)=(0.0pt,0.0pt)
* modes: 
* h-part:(L,W,R)=(42.67912pt, 512.14963pt, 42.67912pt)
* v-part:(T,H,B)=(42.67912pt, 759.6886pt, 42.67912pt)
* \paperwidth=597.50787pt
* \paperheight=845.04684pt
* \textwidth=512.14963pt
* \textheight=759.6886pt
* \oddsidemargin=-29.59087pt
* \evensidemargin=-29.59087pt
* \topmargin=-66.59087pt
* \headheight=12.0pt
* \headsep=25.0pt
* \topskip=12.0pt
* \footskip=30.0pt
* \marginparwidth=44.0pt
* \marginparsep=10.0pt
* \columnsep=10.0pt
* \skip\footins=10.8pt plus 4.0pt minus 2.0pt
* \hoffset=0.0pt
* \voffset=0.0pt
* \mag=1000
* \@twocolumnfalse
* \@twosidefalse
* \@mparswitchfalse
* \@reversemarginfalse
* (1in=72.27pt=25.4mm, 1cm=28.453pt)

\AtBeginShipoutBox=\box55
(c:/texlive/2016/texmf-dist/tex/latex/oberdiek/pdflscape.sty
Package: pdflscape 2016/05/14 v0.11 Display of landscape pages in PDF (HO)

(c:/texlive/2016/texmf-dist/tex/latex/graphics/lscape.sty
Package: lscape 2000/10/22 v3.01 Landscape Pages (DPC)
)
Package pdflscape Info: Auto-detected driver: pdftex on input line 81.
)
LaTeX Font Info:    Try loading font information for OT1+lmr on input line 30.

(c:/texlive/2016/texmf-dist/tex/latex/lm/ot1lmr.fd
File: ot1lmr.fd 2009/10/30 v1.6 Font defs for Latin Modern
)
LaTeX Font Info:    Try loading font information for OML+lmm on input line 30.

(c:/texlive/2016/texmf-dist/tex/latex/lm/omllmm.fd
File: omllmm.fd 2009/10/30 v1.6 Font defs for Latin Modern
)
LaTeX Font Info:    Try loading font information for OMS+lmsy on input line 30.


(c:/texlive/2016/texmf-dist/tex/latex/lm/omslmsy.fd
File: omslmsy.fd 2009/10/30 v1.6 Font defs for Latin Modern
)
LaTeX Font Info:    Try loading font information for OMX+lmex on input line 30.


(c:/texlive/2016/texmf-dist/tex/latex/lm/omxlmex.fd
File: omxlmex.fd 2009/10/30 v1.6 Font defs for Latin Modern
)
LaTeX Font Info:    External font `lmex10' loaded for size
(Font)              <14.4> on input line 30.
LaTeX Font Info:    External font `lmex10' loaded for size
(Font)              <10> on input line 30.
LaTeX Font Info:    External font `lmex10' loaded for size
(Font)              <7> on input line 30.
 [1

{c:/texlive/2016/texmf-var/fonts/map/pdftex/updmap/pdftex.map}]
LaTeX Font Info:    Try loading font information for T1+lmtt on input line 44.

(c:/texlive/2016/texmf-dist/tex/latex/lm/t1lmtt.fd
File: t1lmtt.fd 2009/10/30 v1.6 Font defs for Latin Modern
)
<../cw03_output.png, id=8, 442.65375pt x 412.54124pt>
File: ../cw03_output.png Graphic file (type png)
 <use ../cw03_output.png>
Package pdftex.def Info: ../cw03_output.png used on input line 109.
(pdftex.def)             Requested size: 309.8555pt x 288.7769pt.

[1 <../cw03_output.png>]
<../cw04_output.png, id=17, 408.02437pt x 307.90031pt>
File: ../cw04_output.png Graphic file (type png)

<use ../cw04_output.png>
Package pdftex.def Info: ../cw04_output.png used on input line 145.
(pdftex.def)             Requested size: 204.01169pt x 153.94977pt.

<../cw05_output.png, id=18, 731.73375pt x 432.11438pt>
File: ../cw05_output.png Graphic file (type png)

<use ../cw05_output.png>
Package pdftex.def Info: ../cw05_output.png used on input line 195.
(pdftex.def)             Requested size: 365.86598pt x 216.05666pt.
 [2 <../cw04_output.png> <../cw05_output.png>]
LaTeX Font Info:    External font `lmex10' loaded for size
(Font)              <12> on input line 202.
LaTeX Font Info:    External font `lmex10' loaded for size
(Font)              <8> on input line 202.
LaTeX Font Info:    External font `lmex10' loaded for size
(Font)              <6> on input line 202.

<../cw06_output.png, id=24, 578.16pt x 433.62pt>
File: ../cw06_output.png Graphic file (type png)
 <use ../cw06_output.png>
Package pdftex.def Info: ../cw06_output.png used on input line 242.
(pdftex.def)             Requested size: 289.07928pt x 216.80946pt.
LaTeX Font Info:    External font `lmex10' loaded for size
(Font)              <5> on input line 242.

<../cw06_output_2pi.png, id=25, 578.16pt x 433.62pt>
File: ../cw06_output_2pi.png Graphic file (type png)

<use ../cw06_output_2pi.png>
Package pdftex.def Info: ../cw06_output_2pi.png used on input line 246.
(pdftex.def)             Requested size: 289.07928pt x 216.80946pt.
 [3 <../cw06_output.png (PNG copy)> <../cw06_output_2pi.png (PNG copy)>] <../cw
07_output.png, id=36, 578.16pt x 433.62pt>
File: ../cw07_output.png Graphic file (type png)

<use ../cw07_output.png>
Package pdftex.def Info: ../cw07_output.png used on input line 284.
(pdftex.def)             Requested size: 231.2599pt x 173.44492pt.
 [4 <../cw07_output.png (PNG copy)>]
<../cw11_output.png, id=40, 578.16pt x 433.62pt>
File: ../cw11_output.png Graphic file (type png)
 <use ../cw11_output.png>
Package pdftex.def Info: ../cw11_output.png used on input line 325.
(pdftex.def)             Requested size: 404.70924pt x 303.53192pt.

[5 <../cw11_output.png (PNG copy)>]
<../cw12_output.png, id=44, 578.16pt x 433.62pt>
File: ../cw12_output.png Graphic file (type png)
 <use ../cw12_output.png>
Package pdftex.def Info: ../cw12_output.png used on input line 385.
(pdftex.def)             Requested size: 404.70924pt x 303.53192pt.

[6 <../cw12_output.png (PNG copy)>]
<../cw13_output.png, id=49, 578.16pt x 433.62pt>
File: ../cw13_output.png Graphic file (type png)
 <use ../cw13_output.png>
Package pdftex.def Info: ../cw13_output.png used on input line 431.
(pdftex.def)             Requested size: 404.70924pt x 303.53192pt.

[7 <../cw13_output.png (PNG copy)>]
<../cw14_output.png, id=53, 578.16pt x 433.62pt>
File: ../cw14_output.png Graphic file (type png)
 <use ../cw14_output.png>
Package pdftex.def Info: ../cw14_output.png used on input line 476.
(pdftex.def)             Requested size: 404.70924pt x 303.53192pt.

[8 <../cw14_output.png (PNG copy)>]
<../cw15_output.png, id=57, 578.16pt x 433.62pt>
File: ../cw15_output.png Graphic file (type png)
 <use ../cw15_output.png>
Package pdftex.def Info: ../cw15_output.png used on input line 546.
(pdftex.def)             Requested size: 404.70924pt x 303.53192pt.

[9 <../cw15_output.png (PNG copy)>]
<../cw21_output_a.png, id=61, 421.575pt x 316.18124pt>
File: ../cw21_output_a.png Graphic file (type png)

<use ../cw21_output_a.png>
Package pdftex.def Info: ../cw21_output_a.png used on input line 558.
(pdftex.def)             Requested size: 189.70699pt x 142.28024pt.

<../cw21_output_b.png, id=62, 421.575pt x 316.18124pt>
File: ../cw21_output_b.png Graphic file (type png)

<use ../cw21_output_b.png>
Package pdftex.def Info: ../cw21_output_b.png used on input line 561.
(pdftex.def)             Requested size: 189.70699pt x 142.28024pt.

<../cw21_output_c.png, id=63, 421.575pt x 316.18124pt>
File: ../cw21_output_c.png Graphic file (type png)

<use ../cw21_output_c.png>
Package pdftex.def Info: ../cw21_output_c.png used on input line 565.
(pdftex.def)             Requested size: 189.70699pt x 142.28024pt.

<../cw21_output_d.png, id=64, 421.575pt x 316.18124pt>
File: ../cw21_output_d.png Graphic file (type png)

<use ../cw21_output_d.png>
Package pdftex.def Info: ../cw21_output_d.png used on input line 568.
(pdftex.def)             Requested size: 189.70699pt x 142.28024pt.

<../cw21_output_e.png, id=65, 421.575pt x 316.18124pt>
File: ../cw21_output_e.png Graphic file (type png)

<use ../cw21_output_e.png>
Package pdftex.def Info: ../cw21_output_e.png used on input line 572.
(pdftex.def)             Requested size: 189.70699pt x 142.28024pt.

<../cw21_output_f.png, id=66, 421.575pt x 316.18124pt>
File: ../cw21_output_f.png Graphic file (type png)

<use ../cw21_output_f.png>
Package pdftex.def Info: ../cw21_output_f.png used on input line 575.
(pdftex.def)             Requested size: 189.70699pt x 142.28024pt.

<../cw21_output_g.png, id=67, 421.575pt x 316.18124pt>
File: ../cw21_output_g.png Graphic file (type png)

<use ../cw21_output_g.png>
Package pdftex.def Info: ../cw21_output_g.png used on input line 579.
(pdftex.def)             Requested size: 189.70699pt x 142.28024pt.

<../cw21_output_h.png, id=68, 421.575pt x 316.18124pt>
File: ../cw21_output_h.png Graphic file (type png)

<use ../cw21_output_h.png>
Package pdftex.def Info: ../cw21_output_h.png used on input line 582.
(pdftex.def)             Requested size: 189.70699pt x 142.28024pt.

<../cw21_output_i.png, id=69, 421.575pt x 316.18124pt>
File: ../cw21_output_i.png Graphic file (type png)

<use ../cw21_output_i.png>
Package pdftex.def Info: ../cw21_output_i.png used on input line 589.
(pdftex.def)             Requested size: 189.70699pt x 142.28024pt.

<../cw21_output_j.png, id=70, 421.575pt x 316.18124pt>
File: ../cw21_output_j.png Graphic file (type png)

<use ../cw21_output_j.png>
Package pdftex.def Info: ../cw21_output_j.png used on input line 592.
(pdftex.def)             Requested size: 189.70699pt x 142.28024pt.

<../cw21_output_k.png, id=71, 421.575pt x 316.18124pt>
File: ../cw21_output_k.png Graphic file (type png)

<use ../cw21_output_k.png>
Package pdftex.def Info: ../cw21_output_k.png used on input line 596.
(pdftex.def)             Requested size: 189.70699pt x 142.28024pt.

<../cw21_output_l.png, id=72, 421.575pt x 316.18124pt>
File: ../cw21_output_l.png Graphic file (type png)

<use ../cw21_output_l.png>
Package pdftex.def Info: ../cw21_output_l.png used on input line 599.
(pdftex.def)             Requested size: 189.70699pt x 142.28024pt.

<../cw21_output_m.png, id=73, 421.575pt x 316.18124pt>
File: ../cw21_output_m.png Graphic file (type png)

<use ../cw21_output_m.png>
Package pdftex.def Info: ../cw21_output_m.png used on input line 603.
(pdftex.def)             Requested size: 189.70699pt x 142.28024pt.

<../cw21_output_n.png, id=74, 421.575pt x 316.18124pt>
File: ../cw21_output_n.png Graphic file (type png)

<use ../cw21_output_n.png>
Package pdftex.def Info: ../cw21_output_n.png used on input line 606.
(pdftex.def)             Requested size: 189.70699pt x 142.28024pt.

<../cw21_output_o.png, id=75, 421.575pt x 316.18124pt>
File: ../cw21_output_o.png Graphic file (type png)

<use ../cw21_output_o.png>
Package pdftex.def Info: ../cw21_output_o.png used on input line 610.
(pdftex.def)             Requested size: 189.70699pt x 142.28024pt.

<../cw21_output_p.png, id=76, 421.575pt x 316.18124pt>
File: ../cw21_output_p.png Graphic file (type png)

<use ../cw21_output_p.png>
Package pdftex.def Info: ../cw21_output_p.png used on input line 613.
(pdftex.def)             Requested size: 189.70699pt x 142.28024pt.

<../cw21_output_q.png, id=77, 421.575pt x 316.18124pt>
File: ../cw21_output_q.png Graphic file (type png)

<use ../cw21_output_q.png>
Package pdftex.def Info: ../cw21_output_q.png used on input line 620.
(pdftex.def)             Requested size: 189.70699pt x 142.28024pt.

<../cw21_output_r.png, id=78, 421.575pt x 316.18124pt>
File: ../cw21_output_r.png Graphic file (type png)

<use ../cw21_output_r.png>
Package pdftex.def Info: ../cw21_output_r.png used on input line 623.
(pdftex.def)             Requested size: 189.70699pt x 142.28024pt.

<../cw31_polecenie.png, id=79, 347.04657pt x 258.9675pt>
File: ../cw31_polecenie.png Graphic file (type png)

<use ../cw31_polecenie.png>
Package pdftex.def Info: ../cw31_polecenie.png used on input line 629.
(pdftex.def)             Requested size: 312.33902pt x 233.06857pt.
 [10 <../cw31_polecenie.png>] [11 <../cw21_output_a.png (PNG copy)> <../cw21_ou
tput_b.png (PNG copy)> <../cw21_output_c.png (PNG copy)> <../cw21_output_d.png 
(PNG copy)> <../cw21_output_e.png (PNG copy)> <../cw21_output_f.png (PNG copy)>
 <../cw21_output_g.png (PNG copy)> <../cw21_output_h.png (PNG copy)>] [12 <../c
w21_output_i.png (PNG copy)> <../cw21_output_j.png (PNG copy)> <../cw21_output_
k.png (PNG copy)> <../cw21_output_l.png (PNG copy)> <../cw21_output_m.png (PNG 
copy)> <../cw21_output_n.png (PNG copy)> <../cw21_output_o.png (PNG copy)> <../
cw21_output_p.png (PNG copy)>]
<../cw22_output.png, id=91, 578.16pt x 433.62pt>
File: ../cw22_output.png Graphic file (type png)
 <use ../cw22_output.png>
Package pdftex.def Info: ../cw22_output.png used on input line 648.
(pdftex.def)             Requested size: 346.89867pt x 260.17401pt.

[13 <../cw21_output_q.png (PNG copy)> <../cw21_output_r.png (PNG copy)> <../cw2
2_output.png (PNG copy)>]
Overfull \hbox (14.44962pt too wide) in paragraph at lines 682--682
[]\T1/lmtt/m/n/10 title("transformata wydluzonego");[] 
 []

<../cw23_output.png, id=95, 578.16pt x 433.62pt>
File: ../cw23_output.png Graphic file (type png)
 <use ../cw23_output.png>
Package pdftex.def Info: ../cw23_output.png used on input line 688.
(pdftex.def)             Requested size: 404.70924pt x 303.53192pt.

[14 <../cw23_output.png (PNG copy)>]
<../cw24_output_Hamming.png, id=99, 578.16pt x 433.62pt>
File: ../cw24_output_Hamming.png Graphic file (type png)

<use ../cw24_output_Hamming.png>
Package pdftex.def Info: ../cw24_output_Hamming.png used on input line 699.
(pdftex.def)             Requested size: 231.2599pt x 173.44492pt.

<../cw24_output_blackman.png, id=100, 578.16pt x 433.62pt>
File: ../cw24_output_blackman.png Graphic file (type png)

<use ../cw24_output_blackman.png>
Package pdftex.def Info: ../cw24_output_blackman.png used on input line 702.
(pdftex.def)             Requested size: 231.2599pt x 173.44492pt.

<../cw24_output_Bartlett.png, id=101, 578.16pt x 433.62pt>
File: ../cw24_output_Bartlett.png Graphic file (type png)

<use ../cw24_output_Bartlett.png>
Package pdftex.def Info: ../cw24_output_Bartlett.png used on input line 706.
(pdftex.def)             Requested size: 231.2599pt x 173.44492pt.
 [15 <../cw24_output_Hamming.png (PNG copy)> <../cw24_output_blackman.png (PNG 
copy)> <../cw24_output_Bartlett.png (PNG copy)>] <../cw25_polecenie.png, id=105
, 206.27063pt x 63.23625pt>
File: ../cw25_polecenie.png Graphic file (type png)

<use ../cw25_polecenie.png>
Package pdftex.def Info: ../cw25_polecenie.png used on input line 715.
(pdftex.def)             Requested size: 144.38844pt x 44.26506pt.

<../cw25_output_A_Hamming.png, id=106, 578.16pt x 433.62pt>
File: ../cw25_output_A_Hamming.png Graphic file (type png)

<use ../cw25_output_A_Hamming.png>
Package pdftex.def Info: ../cw25_output_A_Hamming.png used on input line 791.
(pdftex.def)             Requested size: 231.2599pt x 173.44492pt.

<../cw25_output_A_Bartlett.png, id=107, 578.16pt x 433.62pt>
File: ../cw25_output_A_Bartlett.png Graphic file (type png)

<use ../cw25_output_A_Bartlett.png>
Package pdftex.def Info: ../cw25_output_A_Bartlett.png used on input line 794.
(pdftex.def)             Requested size: 231.2599pt x 173.44492pt.

<../cw25_output_B_Bartlett.png, id=108, 578.16pt x 433.62pt>
File: ../cw25_output_B_Bartlett.png Graphic file (type png)

<use ../cw25_output_B_Bartlett.png>
Package pdftex.def Info: ../cw25_output_B_Bartlett.png used on input line 804.
(pdftex.def)             Requested size: 173.44933pt x 130.087pt.

<../cw25_output_B_Blackman.png, id=109, 578.16pt x 433.62pt>
File: ../cw25_output_B_Blackman.png Graphic file (type png)

<use ../cw25_output_B_Blackman.png>
Package pdftex.def Info: ../cw25_output_B_Blackman.png used on input line 807.
(pdftex.def)             Requested size: 173.44933pt x 130.087pt.


LaTeX Warning: `!h' float specifier changed to `!ht'.

[16 <../cw25_polecenie.png> <../cw25_output_A_Hamming.png (PNG copy)> <../cw25_
output_A_Bartlett.png (PNG copy)>]
<../cw25_output_D_Hamming.png, id=114, 578.16pt x 433.62pt>
File: ../cw25_output_D_Hamming.png Graphic file (type png)

<use ../cw25_output_D_Hamming.png>
Package pdftex.def Info: ../cw25_output_D_Hamming.png used on input line 818.
(pdftex.def)             Requested size: 231.2599pt x 173.44492pt.

<../cw25_output_D_Bartlett.png, id=115, 578.16pt x 433.62pt>
File: ../cw25_output_D_Bartlett.png Graphic file (type png)

<use ../cw25_output_D_Bartlett.png>
Package pdftex.def Info: ../cw25_output_D_Bartlett.png used on input line 821.
(pdftex.def)             Requested size: 231.2599pt x 173.44492pt.
File: ../cw25_output_D_Bartlett.png Graphic file (type png)
 <use ../cw25_output_D_Bartlett.png>
Package pdftex.def Info: ../cw25_output_D_Bartlett.png used on input line 825.
(pdftex.def)             Requested size: 231.2599pt x 173.44492pt.

[17 <../cw25_output_B_Bartlett.png (PNG copy)> <../cw25_output_B_Blackman.png (
PNG copy)> <../cw25_output_D_Hamming.png (PNG copy)> <../cw25_output_D_Bartlett
.png (PNG copy)>] <../cw31_output_17_Hamming.png, id=119, 578.16pt x 433.62pt>
File: ../cw31_output_17_Hamming.png Graphic file (type png)

<use ../cw31_output_17_Hamming.png>
Package pdftex.def Info: ../cw31_output_17_Hamming.png used on input line 878.
(pdftex.def)             Requested size: 231.2599pt x 173.44492pt.

<../cw31_output_17_Bartlett.png, id=120, 578.16pt x 433.62pt>
File: ../cw31_output_17_Bartlett.png Graphic file (type png)

<use ../cw31_output_17_Bartlett.png>
Package pdftex.def Info: ../cw31_output_17_Bartlett.png used on input line 881.

(pdftex.def)             Requested size: 231.2599pt x 173.44492pt.

<../cw31_output_17_Blackman.png, id=121, 578.16pt x 433.62pt>
File: ../cw31_output_17_Blackman.png Graphic file (type png)

<use ../cw31_output_17_Blackman.png>
Package pdftex.def Info: ../cw31_output_17_Blackman.png used on input line 885.

(pdftex.def)             Requested size: 231.2599pt x 173.44492pt.
 [18 <../cw31_output_17_Hamming.png (PNG copy)> <../cw31_output_17_Bartlett.png
 (PNG copy)> <../cw31_output_17_Blackman.png (PNG copy)>]
<../cw31_output_kwadrat_Blackman_plot.png, id=126, 578.16pt x 433.62pt>
File: ../cw31_output_kwadrat_Blackman_plot.png Graphic file (type png)

<use ../cw31_output_kwadrat_Blackman_plot.png>
Package pdftex.def Info: ../cw31_output_kwadrat_Blackman_plot.png used on input
 line 892.
(pdftex.def)             Requested size: 404.70924pt x 303.53192pt.
 [19 <../cw31_output_kwadrat_Blackman_plot.png (PNG copy)>]
Overfull \hbox (43.13612pt too wide) in paragraph at lines 924--924
[]\T1/lmtt/m/n/6 h = (wg/pi)*sinc(wg*n/pi).*sin(2*pi*6000*t); %odpowiedz impuls
owa[] 
 []

<../cw32_output_Hamming.png, id=130, 578.16pt x 433.62pt>
File: ../cw32_output_Hamming.png Graphic file (type png)

<use ../cw32_output_Hamming.png>
Package pdftex.def Info: ../cw32_output_Hamming.png used on input line 932.
(pdftex.def)             Requested size: 231.2599pt x 173.44492pt.

<../cw32_output_Bartlett.png, id=131, 578.16pt x 433.62pt>
File: ../cw32_output_Bartlett.png Graphic file (type png)

<use ../cw32_output_Bartlett.png>
Package pdftex.def Info: ../cw32_output_Bartlett.png used on input line 935.
(pdftex.def)             Requested size: 231.2599pt x 173.44492pt.

<../cw32_output_Blackman.png, id=132, 578.16pt x 433.62pt>
File: ../cw32_output_Blackman.png Graphic file (type png)

<use ../cw32_output_Blackman.png>
Package pdftex.def Info: ../cw32_output_Blackman.png used on input line 939.
(pdftex.def)             Requested size: 231.2599pt x 173.44492pt.
 [20 <../cw32_output_Hamming.png (PNG copy)> <../cw32_output_Bartlett.png (PNG 
copy)> <../cw32_output_Blackman.png (PNG copy)>]
Package epstopdf Info: Source file: <../cw33_output.eps>
(epstopdf)                    date: 2016-06-30 00:22:59
(epstopdf)                    size: 43144 bytes
(epstopdf)             Output file: <../cw33_output-eps-converted-to.pdf>
(epstopdf)                    date: 2016-07-01 03:18:04
(epstopdf)                    size: 11779 bytes
(epstopdf)             Command: <epstopdf --outfile=../cw33_output-eps-converte
d-to.pdf ../cw33_output.eps>
(epstopdf)             \includegraphics on input line 960.
Package epstopdf Info: Output file is already uptodate.
 <../cw33_output-eps-converted-to.pdf, id=136, 421.575pt x 317.185pt>
File: ../cw33_output-eps-converted-to.pdf Graphic file (type pdf)

<use ../cw33_output-eps-converted-to.pdf>
Package pdftex.def Info: ../cw33_output-eps-converted-to.pdf used on input line
 960.
(pdftex.def)             Requested size: 295.10048pt x 222.02797pt.
 [21 <../cw33_output-eps-converted-to.pdf>] <../cw34_polecenie.png, id=145, 502
.87875pt x 187.45032pt>
File: ../cw34_polecenie.png Graphic file (type png)

<use ../cw34_polecenie.png>
Package pdftex.def Info: ../cw34_polecenie.png used on input line 969.
(pdftex.def)             Requested size: 251.43875pt x 93.72491pt.
Package epstopdf Info: Source file: <../cw34_output.eps>
(epstopdf)                    date: 2016-06-30 00:44:56
(epstopdf)                    size: 189831 bytes
(epstopdf)             Output file: <../cw34_output-eps-converted-to.pdf>
(epstopdf)                    date: 2016-07-01 03:22:05
(epstopdf)                    size: 16452 bytes
(epstopdf)             Command: <epstopdf --outfile=../cw34_output-eps-converte
d-to.pdf ../cw34_output.eps>
(epstopdf)             \includegraphics on input line 989.
Package epstopdf Info: Output file is already uptodate.

<../cw34_output-eps-converted-to.pdf, id=146, 421.575pt x 317.185pt>
File: ../cw34_output-eps-converted-to.pdf Graphic file (type pdf)

<use ../cw34_output-eps-converted-to.pdf>
Package pdftex.def Info: ../cw34_output-eps-converted-to.pdf used on input line
 989.
(pdftex.def)             Requested size: 295.10048pt x 222.02797pt.
 [22 <../cw34_polecenie.png> <../cw34_output-eps-converted-to.pdf>]
Package epstopdf Info: Source file: <../cw41_output_A.eps>
(epstopdf)                    date: 2016-06-30 16:42:08
(epstopdf)                    size: 42431 bytes
(epstopdf)             Output file: <../cw41_output_A-eps-converted-to.pdf>
(epstopdf)                    date: 2016-07-01 03:33:21
(epstopdf)                    size: 9724 bytes
(epstopdf)             Command: <epstopdf --outfile=../cw41_output_A-eps-conver
ted-to.pdf ../cw41_output_A.eps>
(epstopdf)             \includegraphics on input line 1029.
Package epstopdf Info: Output file is already uptodate.

<../cw41_output_A-eps-converted-to.pdf, id=164, 421.575pt x 316.18124pt>
File: ../cw41_output_A-eps-converted-to.pdf Graphic file (type pdf)

<use ../cw41_output_A-eps-converted-to.pdf>
Package pdftex.def Info: ../cw41_output_A-eps-converted-to.pdf used on input li
ne 1029.
(pdftex.def)             Requested size: 210.78697pt x 158.09023pt.
Package epstopdf Info: Source file: <../cw41_output_D.eps>
(epstopdf)                    date: 2016-06-30 16:42:17
(epstopdf)                    size: 184763 bytes
(epstopdf)             Output file: <../cw41_output_D-eps-converted-to.pdf>
(epstopdf)                    date: 2016-07-01 03:33:22
(epstopdf)                    size: 15270 bytes
(epstopdf)             Command: <epstopdf --outfile=../cw41_output_D-eps-conver
ted-to.pdf ../cw41_output_D.eps>
(epstopdf)             \includegraphics on input line 1032.
Package epstopdf Info: Output file is already uptodate.

<../cw41_output_D-eps-converted-to.pdf, id=165, 421.575pt x 316.18124pt>
File: ../cw41_output_D-eps-converted-to.pdf Graphic file (type pdf)

<use ../cw41_output_D-eps-converted-to.pdf>
Package pdftex.def Info: ../cw41_output_D-eps-converted-to.pdf used on input li
ne 1032.
(pdftex.def)             Requested size: 210.78697pt x 158.09023pt.
Package epstopdf Info: Source file: <../cw41_output_butter.eps>
(epstopdf)                    date: 2016-06-30 16:54:39
(epstopdf)                    size: 496874 bytes
(epstopdf)             Output file: <../cw41_output_butter-eps-converted-to.pdf
>
(epstopdf)                    date: 2016-07-01 03:37:31
(epstopdf)                    size: 108936 bytes
(epstopdf)             Command: <epstopdf --outfile=../cw41_output_butter-eps-c
onverted-to.pdf ../cw41_output_butter.eps>
(epstopdf)             \includegraphics on input line 1039.
Package epstopdf Info: Output file is already uptodate.

<../cw41_output_butter-eps-converted-to.pdf, id=166, 1204.5pt x 544.0325pt>
File: ../cw41_output_butter-eps-converted-to.pdf Graphic file (type pdf)

<use ../cw41_output_butter-eps-converted-to.pdf>
Package pdftex.def Info: ../cw41_output_butter-eps-converted-to.pdf used on inp
ut line 1039.
(pdftex.def)             Requested size: 240.89574pt x 108.80457pt.
Package epstopdf Info: Source file: <../cw41_output_cheby1.eps>
(epstopdf)                    date: 2016-06-30 16:54:50
(epstopdf)                    size: 500805 bytes
(epstopdf)             Output file: <../cw41_output_cheby1-eps-converted-to.pdf
>
(epstopdf)                    date: 2016-07-01 03:37:32
(epstopdf)                    size: 111023 bytes
(epstopdf)             Command: <epstopdf --outfile=../cw41_output_cheby1-eps-c
onverted-to.pdf ../cw41_output_cheby1.eps>
(epstopdf)             \includegraphics on input line 1042.
Package epstopdf Info: Output file is already uptodate.

<../cw41_output_cheby1-eps-converted-to.pdf, id=167, 1204.5pt x 544.0325pt>
File: ../cw41_output_cheby1-eps-converted-to.pdf Graphic file (type pdf)

<use ../cw41_output_cheby1-eps-converted-to.pdf>
Package pdftex.def Info: ../cw41_output_cheby1-eps-converted-to.pdf used on inp
ut line 1042.
(pdftex.def)             Requested size: 240.89574pt x 108.80457pt.
Package epstopdf Info: Source file: <../cw41_output_cheby2.eps>
(epstopdf)                    date: 2016-06-30 16:54:58
(epstopdf)                    size: 500335 bytes
(epstopdf)             Output file: <../cw41_output_cheby2-eps-converted-to.pdf
>
(epstopdf)                    date: 2016-07-01 03:37:33
(epstopdf)                    size: 109154 bytes
(epstopdf)             Command: <epstopdf --outfile=../cw41_output_cheby2-eps-c
onverted-to.pdf ../cw41_output_cheby2.eps>
(epstopdf)             \includegraphics on input line 1046.
Package epstopdf Info: Output file is already uptodate.

<../cw41_output_cheby2-eps-converted-to.pdf, id=168, 1204.5pt x 544.0325pt>
File: ../cw41_output_cheby2-eps-converted-to.pdf Graphic file (type pdf)

<use ../cw41_output_cheby2-eps-converted-to.pdf>
Package pdftex.def Info: ../cw41_output_cheby2-eps-converted-to.pdf used on inp
ut line 1046.
(pdftex.def)             Requested size: 240.89574pt x 108.80457pt.
 [23 <../cw41_output_A-eps-converted-to.pdf> <../cw41_output_D-eps-converted-to
.pdf> <../cw41_output_butter-eps-converted-to.pdf> <../cw41_output_cheby1-eps-c
onverted-to.pdf> <../cw41_output_cheby2-eps-converted-to.pdf>]
Package epstopdf Info: Source file: <../cw42_output_butter_D.eps>
(epstopdf)                    date: 2016-06-30 17:57:03
(epstopdf)                    size: 190179 bytes
(epstopdf)             Output file: <../cw42_output_butter_D-eps-converted-to.p
df>
(epstopdf)                    date: 2016-07-01 03:43:47
(epstopdf)                    size: 13880 bytes
(epstopdf)             Command: <epstopdf --outfile=../cw42_output_butter_D-eps
-converted-to.pdf ../cw42_output_butter_D.eps>
(epstopdf)             \includegraphics on input line 1084.
Package epstopdf Info: Output file is already uptodate.

<../cw42_output_butter_D-eps-converted-to.pdf, id=239, 421.575pt x 317.185pt>
File: ../cw42_output_butter_D-eps-converted-to.pdf Graphic file (type pdf)

<use ../cw42_output_butter_D-eps-converted-to.pdf>
Package pdftex.def Info: ../cw42_output_butter_D-eps-converted-to.pdf used on i
nput line 1084.
(pdftex.def)             Requested size: 210.78697pt x 158.5921pt.
Package epstopdf Info: Source file: <../cw42_output_butter_A.eps>
(epstopdf)                    date: 2016-06-30 17:57:15
(epstopdf)                    size: 26137 bytes
(epstopdf)             Output file: <../cw42_output_butter_A-eps-converted-to.p
df>
(epstopdf)                    date: 2016-07-01 03:43:48
(epstopdf)                    size: 8423 bytes
(epstopdf)             Command: <epstopdf --outfile=../cw42_output_butter_A-eps
-converted-to.pdf ../cw42_output_butter_A.eps>
(epstopdf)             \includegraphics on input line 1087.
Package epstopdf Info: Output file is already uptodate.

<../cw42_output_butter_A-eps-converted-to.pdf, id=240, 421.575pt x 317.185pt>
File: ../cw42_output_butter_A-eps-converted-to.pdf Graphic file (type pdf)

<use ../cw42_output_butter_A-eps-converted-to.pdf>
Package pdftex.def Info: ../cw42_output_butter_A-eps-converted-to.pdf used on i
nput line 1087.
(pdftex.def)             Requested size: 210.78697pt x 158.5921pt.
Package epstopdf Info: Source file: <../cw42_output_cheb1_D.eps>
(epstopdf)                    date: 2016-06-30 17:58:06
(epstopdf)                    size: 188664 bytes
(epstopdf)             Output file: <../cw42_output_cheb1_D-eps-converted-to.pd
f>
(epstopdf)                    date: 2016-07-01 03:43:05
(epstopdf)                    size: 16083 bytes
(epstopdf)             Command: <epstopdf --outfile=../cw42_output_cheb1_D-eps-
converted-to.pdf ../cw42_output_cheb1_D.eps>
(epstopdf)             \includegraphics on input line 1094.
Package epstopdf Info: Output file is already uptodate.

<../cw42_output_cheb1_D-eps-converted-to.pdf, id=241, 421.575pt x 317.185pt>
File: ../cw42_output_cheb1_D-eps-converted-to.pdf Graphic file (type pdf)

<use ../cw42_output_cheb1_D-eps-converted-to.pdf>
Package pdftex.def Info: ../cw42_output_cheb1_D-eps-converted-to.pdf used on in
put line 1094.
(pdftex.def)             Requested size: 210.78697pt x 158.5921pt.
Package epstopdf Info: Source file: <../cw42_output_cheb1_A.eps>
(epstopdf)                    date: 2016-06-30 17:58:17
(epstopdf)                    size: 27326 bytes
(epstopdf)             Output file: <../cw42_output_cheb1_A-eps-converted-to.pd
f>
(epstopdf)                    date: 2016-07-01 03:43:06
(epstopdf)                    size: 8661 bytes
(epstopdf)             Command: <epstopdf --outfile=../cw42_output_cheb1_A-eps-
converted-to.pdf ../cw42_output_cheb1_A.eps>
(epstopdf)             \includegraphics on input line 1097.
Package epstopdf Info: Output file is already uptodate.

<../cw42_output_cheb1_A-eps-converted-to.pdf, id=242, 421.575pt x 317.185pt>
File: ../cw42_output_cheb1_A-eps-converted-to.pdf Graphic file (type pdf)

<use ../cw42_output_cheb1_A-eps-converted-to.pdf>
Package pdftex.def Info: ../cw42_output_cheb1_A-eps-converted-to.pdf used on in
put line 1097.
(pdftex.def)             Requested size: 210.78697pt x 158.5921pt.
 [24 <../cw42_output_butter_D-eps-converted-to.pdf> <../cw42_output_butter_A-ep
s-converted-to.pdf> <../cw42_output_cheb1_D-eps-converted-to.pdf> <../cw42_outp
ut_cheb1_A-eps-converted-to.pdf>]
Package epstopdf Info: Source file: <../cw42_output_cheb2_D.eps>
(epstopdf)                    date: 2016-06-30 17:58:46
(epstopdf)                    size: 189288 bytes
(epstopdf)             Output file: <../cw42_output_cheb2_D-eps-converted-to.pd
f>
(epstopdf)                    date: 2016-07-01 03:42:14
(epstopdf)                    size: 13715 bytes
(epstopdf)             Command: <epstopdf --outfile=../cw42_output_cheb2_D-eps-
converted-to.pdf ../cw42_output_cheb2_D.eps>
(epstopdf)             \includegraphics on input line 1105.
Package epstopdf Info: Output file is already uptodate.

<../cw42_output_cheb2_D-eps-converted-to.pdf, id=283, 421.575pt x 317.185pt>
File: ../cw42_output_cheb2_D-eps-converted-to.pdf Graphic file (type pdf)

<use ../cw42_output_cheb2_D-eps-converted-to.pdf>
Package pdftex.def Info: ../cw42_output_cheb2_D-eps-converted-to.pdf used on in
put line 1105.
(pdftex.def)             Requested size: 210.78697pt x 158.5921pt.
Package epstopdf Info: Source file: <../cw42_output_cheb2_A.eps>
(epstopdf)                    date: 2016-06-30 17:59:20
(epstopdf)                    size: 44256 bytes
(epstopdf)             Output file: <../cw42_output_cheb2_A-eps-converted-to.pd
f>
(epstopdf)                    date: 2016-07-01 03:42:15
(epstopdf)                    size: 10269 bytes
(epstopdf)             Command: <epstopdf --outfile=../cw42_output_cheb2_A-eps-
converted-to.pdf ../cw42_output_cheb2_A.eps>
(epstopdf)             \includegraphics on input line 1108.
Package epstopdf Info: Output file is already uptodate.

<../cw42_output_cheb2_A-eps-converted-to.pdf, id=284, 421.575pt x 317.185pt>
File: ../cw42_output_cheb2_A-eps-converted-to.pdf Graphic file (type pdf)

<use ../cw42_output_cheb2_A-eps-converted-to.pdf>
Package pdftex.def Info: ../cw42_output_cheb2_A-eps-converted-to.pdf used on in
put line 1108.
(pdftex.def)             Requested size: 210.78697pt x 158.5921pt.
Package epstopdf Info: Source file: <../cw43_output_butter.eps>
(epstopdf)                    date: 2016-06-30 18:13:57
(epstopdf)                    size: 101499 bytes
(epstopdf)             Output file: <../cw43_output_butter-eps-converted-to.pdf
>
(epstopdf)                    date: 2016-07-01 03:49:02
(epstopdf)                    size: 15061 bytes
(epstopdf)             Command: <epstopdf --outfile=../cw43_output_butter-eps-c
onverted-to.pdf ../cw43_output_butter.eps>
(epstopdf)             \includegraphics on input line 1168.
Package epstopdf Info: Output file is already uptodate.

<../cw43_output_butter-eps-converted-to.pdf, id=285, 421.575pt x 317.185pt>
File: ../cw43_output_butter-eps-converted-to.pdf Graphic file (type pdf)

<use ../cw43_output_butter-eps-converted-to.pdf>
Package pdftex.def Info: ../cw43_output_butter-eps-converted-to.pdf used on inp
ut line 1168.
(pdftex.def)             Requested size: 210.78697pt x 158.5921pt.
Package epstopdf Info: Source file: <../cw43_output_butter_widmo.eps>
(epstopdf)                    date: 2016-06-30 18:20:15
(epstopdf)                    size: 35452 bytes
(epstopdf)             Output file: <../cw43_output_butter_widmo-eps-converted-
to.pdf>
(epstopdf)                    date: 2016-07-01 03:49:03
(epstopdf)                    size: 10621 bytes
(epstopdf)             Command: <epstopdf --outfile=../cw43_output_butter_widmo
-eps-converted-to.pdf ../cw43_output_butter_widmo.eps>
(epstopdf)             \includegraphics on input line 1171.
Package epstopdf Info: Output file is already uptodate.

<../cw43_output_butter_widmo-eps-converted-to.pdf, id=286, 421.575pt x 317.185p
t>
File: ../cw43_output_butter_widmo-eps-converted-to.pdf Graphic file (type pdf)
 <use ../cw43_output_butter_widmo-eps-converted-to.pdf>
Package pdftex.def Info: ../cw43_output_butter_widmo-eps-converted-to.pdf used 
on input line 1171.
(pdftex.def)             Requested size: 210.78697pt x 158.5921pt.
 [25 <../cw42_output_cheb2_D-eps-converted-to.pdf> <../cw42_output_cheb2_A-eps-
converted-to.pdf> <../cw43_output_butter-eps-converted-to.pdf> <../cw43_output_
butter_widmo-eps-converted-to.pdf>]
Package epstopdf Info: Source file: <../cw43_output_butter_lp_0_05.eps>
(epstopdf)                    date: 2016-06-30 18:18:09
(epstopdf)                    size: 102144 bytes
(epstopdf)             Output file: <../cw43_output_butter_lp_0_05-eps-converte
d-to.pdf>
(epstopdf)                    date: 2016-07-01 03:51:36
(epstopdf)                    size: 15089 bytes
(epstopdf)             Command: <epstopdf --outfile=../cw43_output_butter_lp_0_
05-eps-converted-to.pdf ../cw43_output_butter_lp_0_05.eps>
(epstopdf)             \includegraphics on input line 1181.
Package epstopdf Info: Output file is already uptodate.

<../cw43_output_butter_lp_0_05-eps-converted-to.pdf, id=325, 421.575pt x 317.18
5pt>
File: ../cw43_output_butter_lp_0_05-eps-converted-to.pdf Graphic file (type pdf
)
 <use ../cw43_output_butter_lp_0_05-eps-converted-to.pdf>
Package pdftex.def Info: ../cw43_output_butter_lp_0_05-eps-converted-to.pdf use
d on input line 1181.
(pdftex.def)             Requested size: 210.78697pt x 158.5921pt.
Package epstopdf Info: Source file: <../cw43_output_butter_lp_0_05_widmo.eps>
(epstopdf)                    date: 2016-06-30 18:19:25
(epstopdf)                    size: 35468 bytes
(epstopdf)             Output file: <../cw43_output_butter_lp_0_05_widmo-eps-co
nverted-to.pdf>
(epstopdf)                    date: 2016-07-01 03:51:49
(epstopdf)                    size: 10509 bytes
(epstopdf)             Command: <epstopdf --outfile=../cw43_output_butter_lp_0_
05_widmo-eps-converted-to.pdf ../cw43_output_butter_lp_0_05_widmo.eps>
(epstopdf)             \includegraphics on input line 1184.
Package epstopdf Info: Output file is already uptodate.

<../cw43_output_butter_lp_0_05_widmo-eps-converted-to.pdf, id=326, 421.575pt x 
317.185pt>
File: ../cw43_output_butter_lp_0_05_widmo-eps-converted-to.pdf Graphic file (ty
pe pdf)
 <use ../cw43_output_butter_lp_0_05_widmo-eps-converted-to.pdf>
Package pdftex.def Info: ../cw43_output_butter_lp_0_05_widmo-eps-converted-to.p
df used on input line 1184.
(pdftex.def)             Requested size: 210.78697pt x 158.5921pt.
Package epstopdf Info: Source file: <../cw43_output_cheb1.eps>
(epstopdf)                    date: 2016-06-30 18:14:26
(epstopdf)                    size: 102190 bytes
(epstopdf)             Output file: <../cw43_output_cheb1-eps-converted-to.pdf>

(epstopdf)                    date: 2016-07-01 03:53:45
(epstopdf)                    size: 15310 bytes
(epstopdf)             Command: <epstopdf --outfile=../cw43_output_cheb1-eps-co
nverted-to.pdf ../cw43_output_cheb1.eps>
(epstopdf)             \includegraphics on input line 1193.
Package epstopdf Info: Output file is already uptodate.

<../cw43_output_cheb1-eps-converted-to.pdf, id=327, 421.575pt x 317.185pt>
File: ../cw43_output_cheb1-eps-converted-to.pdf Graphic file (type pdf)

<use ../cw43_output_cheb1-eps-converted-to.pdf>
Package pdftex.def Info: ../cw43_output_cheb1-eps-converted-to.pdf used on inpu
t line 1193.
(pdftex.def)             Requested size: 210.78697pt x 158.5921pt.
Package epstopdf Info: Source file: <../cw43_output_cheb1_widmo.eps>
(epstopdf)                    date: 2016-06-30 21:55:59
(epstopdf)                    size: 35446 bytes
(epstopdf)             Output file: <../cw43_output_cheb1_widmo-eps-converted-t
o.pdf>
(epstopdf)                    date: 2016-07-01 03:53:46
(epstopdf)                    size: 10596 bytes
(epstopdf)             Command: <epstopdf --outfile=../cw43_output_cheb1_widmo-
eps-converted-to.pdf ../cw43_output_cheb1_widmo.eps>
(epstopdf)             \includegraphics on input line 1196.
Package epstopdf Info: Output file is already uptodate.

<../cw43_output_cheb1_widmo-eps-converted-to.pdf, id=328, 421.575pt x 317.185pt
>
File: ../cw43_output_cheb1_widmo-eps-converted-to.pdf Graphic file (type pdf)
 <use ../cw43_output_cheb1_widmo-eps-converted-to.pdf>
Package pdftex.def Info: ../cw43_output_cheb1_widmo-eps-converted-to.pdf used o
n input line 1196.
(pdftex.def)             Requested size: 210.78697pt x 158.5921pt.
Package epstopdf Info: Source file: <../cw43_output_cheb2.eps>
(epstopdf)                    date: 2016-06-30 18:14:49
(epstopdf)                    size: 102175 bytes
(epstopdf)             Output file: <../cw43_output_cheb2-eps-converted-to.pdf>

(epstopdf)                    date: 2016-07-01 03:55:48
(epstopdf)                    size: 15240 bytes
(epstopdf)             Command: <epstopdf --outfile=../cw43_output_cheb2-eps-co
nverted-to.pdf ../cw43_output_cheb2.eps>
(epstopdf)             \includegraphics on input line 1204.
Package epstopdf Info: Output file is already uptodate.

<../cw43_output_cheb2-eps-converted-to.pdf, id=329, 421.575pt x 317.185pt>
File: ../cw43_output_cheb2-eps-converted-to.pdf Graphic file (type pdf)

<use ../cw43_output_cheb2-eps-converted-to.pdf>
Package pdftex.def Info: ../cw43_output_cheb2-eps-converted-to.pdf used on inpu
t line 1204.
(pdftex.def)             Requested size: 210.78697pt x 158.5921pt.
Package epstopdf Info: Source file: <../cw43_output_cheb2_widmo.eps>
(epstopdf)                    date: 2016-06-30 21:56:35
(epstopdf)                    size: 35443 bytes
(epstopdf)             Output file: <../cw43_output_cheb2_widmo-eps-converted-t
o.pdf>
(epstopdf)                    date: 2016-07-01 03:55:49
(epstopdf)                    size: 10540 bytes
(epstopdf)             Command: <epstopdf --outfile=../cw43_output_cheb2_widmo-
eps-converted-to.pdf ../cw43_output_cheb2_widmo.eps>
(epstopdf)             \includegraphics on input line 1207.
Package epstopdf Info: Output file is already uptodate.

<../cw43_output_cheb2_widmo-eps-converted-to.pdf, id=330, 421.575pt x 317.185pt
>
File: ../cw43_output_cheb2_widmo-eps-converted-to.pdf Graphic file (type pdf)
 <use ../cw43_output_cheb2_widmo-eps-converted-to.pdf>
Package pdftex.def Info: ../cw43_output_cheb2_widmo-eps-converted-to.pdf used o
n input line 1207.
(pdftex.def)             Requested size: 210.78697pt x 158.5921pt.
 [26 <../cw43_output_butter_lp_0_05-eps-converted-to.pdf> <../cw43_output_butte
r_lp_0_05_widmo-eps-converted-to.pdf> <../cw43_output_cheb1-eps-converted-to.pd
f> <../cw43_output_cheb1_widmo-eps-converted-to.pdf> <../cw43_output_cheb2-eps-
converted-to.pdf> <../cw43_output_cheb2_widmo-eps-converted-to.pdf>]
Package epstopdf Info: Source file: <../cw51_output.eps>
(epstopdf)                    date: 2016-06-30 22:52:39
(epstopdf)                    size: 57307 bytes
(epstopdf)             Output file: <../cw51_output-eps-converted-to.pdf>
(epstopdf)                    date: 2016-07-01 03:58:37
(epstopdf)                    size: 18888 bytes
(epstopdf)             Command: <epstopdf --outfile=../cw51_output-eps-converte
d-to.pdf ../cw51_output.eps>
(epstopdf)             \includegraphics on input line 1218.
Package epstopdf Info: Output file is already uptodate.

<../cw51_output-eps-converted-to.pdf, id=386, 421.575pt x 317.185pt>
File: ../cw51_output-eps-converted-to.pdf Graphic file (type pdf)

<use ../cw51_output-eps-converted-to.pdf>
Package pdftex.def Info: ../cw51_output-eps-converted-to.pdf used on input line
 1218.
(pdftex.def)             Requested size: 295.10048pt x 222.02797pt.
Package epstopdf Info: Source file: <../cw52_output.eps>
(epstopdf)                    date: 2016-06-30 22:53:15
(epstopdf)                    size: 58271 bytes
(epstopdf)             Output file: <../cw52_output-eps-converted-to.pdf>
(epstopdf)                    date: 2016-07-01 04:00:02
(epstopdf)                    size: 19356 bytes
(epstopdf)             Command: <epstopdf --outfile=../cw52_output-eps-converte
d-to.pdf ../cw52_output.eps>
(epstopdf)             \includegraphics on input line 1227.
Package epstopdf Info: Output file is already uptodate.

<../cw52_output-eps-converted-to.pdf, id=387, 421.575pt x 317.185pt>
File: ../cw52_output-eps-converted-to.pdf Graphic file (type pdf)

<use ../cw52_output-eps-converted-to.pdf>
Package pdftex.def Info: ../cw52_output-eps-converted-to.pdf used on input line
 1227.
(pdftex.def)             Requested size: 295.10048pt x 222.02797pt.
 [27 <../cw51_output-eps-converted-to.pdf> <../cw52_output-eps-converted-to.pdf
>]
Package epstopdf Info: Source file: <../cw53_output.eps>
(epstopdf)                    date: 2016-06-30 22:55:23
(epstopdf)                    size: 93727 bytes
(epstopdf)             Output file: <../cw53_output-eps-converted-to.pdf>
(epstopdf)                    date: 2016-07-01 04:02:38
(epstopdf)                    size: 31915 bytes
(epstopdf)             Command: <epstopdf --outfile=../cw53_output-eps-converte
d-to.pdf ../cw53_output.eps>
(epstopdf)             \includegraphics on input line 1237.
Package epstopdf Info: Output file is already uptodate.

<../cw53_output-eps-converted-to.pdf, id=401, 421.575pt x 317.185pt>
File: ../cw53_output-eps-converted-to.pdf Graphic file (type pdf)

<use ../cw53_output-eps-converted-to.pdf>
Package pdftex.def Info: ../cw53_output-eps-converted-to.pdf used on input line
 1237.
(pdftex.def)             Requested size: 295.10048pt x 222.02797pt.
Package epstopdf Info: Source file: <../cw54_output.eps>
(epstopdf)                    date: 2016-06-30 22:57:32
(epstopdf)                    size: 117945 bytes
(epstopdf)             Output file: <../cw54_output-eps-converted-to.pdf>
(epstopdf)             Command: <epstopdf --outfile=../cw54_output-eps-converte
d-to.pdf ../cw54_output.eps>
(epstopdf)             \includegraphics on input line 1245.
runsystem(epstopdf --outfile=../cw54_output-eps-converted-to.pdf ../cw54_output
.eps)...executed.

Package epstopdf Info: Result file: <../cw54_output-eps-converted-to.pdf>
(epstopdf)                    date: 2016-07-01 04:06:03
(epstopdf)                    size: 40436 bytes.

<../cw54_output-eps-converted-to.pdf, id=402, 421.575pt x 317.185pt>
File: ../cw54_output-eps-converted-to.pdf Graphic file (type pdf)

<use ../cw54_output-eps-converted-to.pdf>
Package pdftex.def Info: ../cw54_output-eps-converted-to.pdf used on input line
 1245.
(pdftex.def)             Requested size: 295.10048pt x 222.02797pt.
 [28 <../cw53_output-eps-converted-to.pdf> <../cw54_output-eps-converted-to.pdf
>] (./PS.aux) ) 
Here is how much of TeX's memory you used:
 5751 strings out of 493014
 90787 string characters out of 6137002
 160737 words of memory out of 5000000
 9083 multiletter control sequences out of 15000+600000
 64384 words of font info for 53 fonts, out of 8000000 for 9000
 1141 hyphenation exceptions out of 8191
 44i,10n,49p,730b,441s stack positions out of 5000i,500n,10000p,200000b,80000s
{c:/texlive/2016/texmf-dist/fonts/enc/dvips/lm/lm-mathsy.enc}{c:
/texlive/2016/texmf-dist/fonts/enc/dvips/lm/lm-mathit.enc}{c:/texlive/2016/texm
f-dist/fonts/enc/dvips/lm/lm-rm.enc}{c:/texlive/2016/texmf-dist/fonts/enc/dvips
/lm/lm-ec.enc}<c:/texlive/2016/texmf-dist/fonts/type1/public/lm/lmbx12.pfb><c:/
texlive/2016/texmf-dist/fonts/type1/public/lm/lmmi10.pfb><c:/texlive/2016/texmf
-dist/fonts/type1/public/lm/lmmi12.pfb><c:/texlive/2016/texmf-dist/fonts/type1/
public/lm/lmmi8.pfb><c:/texlive/2016/texmf-dist/fonts/type1/public/lm/lmr10.pfb
><c:/texlive/2016/texmf-dist/fonts/type1/public/lm/lmr12.pfb><c:/texlive/2016/t
exmf-dist/fonts/type1/public/lm/lmr17.pfb><c:/texlive/2016/texmf-dist/fonts/typ
e1/public/lm/lmsy10.pfb><c:/texlive/2016/texmf-dist/fonts/type1/public/lm/lmtt1
0.pfb><c:/texlive/2016/texmf-dist/fonts/type1/public/lm/lmtt8.pfb>
Output written on PS.pdf (29 pages, 2903564 bytes).
PDF statistics:
 455 PDF objects out of 1000 (max. 8388607)
 278 compressed objects within 3 object streams
 0 named destinations out of 1000 (max. 500000)
 376 words of extra memory for PDF output out of 10000 (max. 10000000)

